2020/06/30 16:24:47 eabi_gateway.go:19: [info]eabi_gateway start runing :)
2020/06/30 16:24:47 lora_net.go:27: [err]common is null
2020/06/30 16:24:47 lora_net.go:70: [err]open /dev/ttyUSB1: no such file or directory
2020/06/30 16:24:47 net.go:63: [info]Reconnect to the server 0 Second after 
2020/06/30 16:24:47 api.go:107: [err]msgMap no find field: {"type":"Server","msg":"7f0000010bb8000085a3","msgParam":"systemLogin"}
2020/06/30 16:48:00 eabi_gateway.go:19: [info]eabi_gateway start runing :)
2020/06/30 16:48:00 net.go:63: [info]Reconnect to the server 0 Second after 
2020/06/30 16:48:00 api.go:107: [err]msgMap no find field: {"type":"Server","msg":"7f0000010bba00008215","msgParam":"systemLogin"}
2020/06/30 16:48:10 lora_net.go:27: [err]common is null
2020/06/30 16:48:10 lora_net.go:70: [err]open /dev/ttyUSB1: no such file or directory
2020/06/30 16:50:40 eabi_gateway.go:19: [info]eabi_gateway start runing :)
2020/06/30 16:50:40 net.go:64: [info]Reconnect to the server 0 Second after 
2020/06/30 16:50:40 api.go:107: [err]msgMap no find field: {"type":"Server","msg":"7f0000010bb800008644","msgParam":"systemLogin"}
2020/06/30 16:50:50 lora_net.go:27: [err]common is null
2020/06/30 16:50:50 lora_net.go:70: [err]open /dev/ttyUSB1: no such file or directory
2020/06/30 16:50:57 eabi_gateway.go:19: [info]eabi_gateway start runing :)
2020/06/30 16:50:57 net.go:64: [info]Reconnect to the server 0 Second after 
2020/06/30 16:50:57 api.go:107: [err]msgMap no find field: {"type":"Server","msg":"7f0000010bb80000864c","msgParam":"systemLogin"}
2020/06/30 16:51:07 lora_net.go:27: [err]common is null
2020/06/30 16:51:07 lora_net.go:70: [err]open /dev/ttyUSB1: no such file or directory
2020/06/30 16:53:39 net.go:40: [warring]websocker close : websocket: close 1006 (abnormal closure): unexpected EOF
2020/06/30 16:54:57 net.go:93: [warring]心跳超时
2020/06/30 16:54:57 net.go:64: [info]Reconnect to the server 0 Second after 
2020/06/30 16:54:57 api.go:107: [err]msgMap no find field: {"type":"Server","msg":"7f0000010bb900000018","msgParam":"systemLogin"}
2020/06/30 16:58:43 eabi_gateway.go:19: [info]eabi_gateway start runing :)
2020/06/30 16:58:43 net.go:64: [info]Reconnect to the server 0 Second after 
2020/06/30 16:58:43 api.go:107: [err]msgMap no find field: {"type":"Server","msg":"7f0000010bb900000080","msgParam":"systemLogin"}
2020/06/30 16:58:53 lora_net.go:27: [err]common is null
2020/06/30 16:58:53 lora_net.go:70: [err]open /dev/ttyUSB1: no such file or directory
