2020/05/13 15:18:35 eabi_gateway.go:17: [info]eabi_gateway start runing :)
2020/05/13 15:18:36 net.go:68: [info]Reconnect to the server 1 Second after 
2020/05/13 15:18:36 api.go:87: [err]msgMap no find field: {"type":"Server","msg":"7f0000010bbc0000000b"}
2020/05/13 15:29:14 eabi_gateway.go:17: [info]eabi_gateway start runing :)
2020/05/13 15:29:14 net.go:68: [info]Reconnect to the server 0 Second after 
2020/05/13 15:29:14 api.go:87: [err]msgMap no find field: {"type":"Server","msg":"7f0000010bb80000000e"}
2020/05/13 17:10:13 eabi_gateway.go:17: [info]eabi_gateway start runing :)
2020/05/13 17:10:13 lora_net.go:71: [info]Reconnect open lora module 0 Second after 
2020/05/13 17:10:13 net.go:59: [err]websocket.Dial ws://192.168.0.254:8286/: dial tcp 192.168.0.254:8286: connect: connection refused
2020/05/13 17:10:18 eabi_gateway.go:17: [info]eabi_gateway start runing :)
2020/05/13 17:10:18 lora_net.go:71: [info]Reconnect open lora module 0 Second after 
2020/05/13 17:10:18 net.go:59: [err]websocket.Dial ws://192.168.0.254:8286/: dial tcp 192.168.0.254:8286: connect: connection refused
2020/05/13 17:10:20 eabi_gateway.go:17: [info]eabi_gateway start runing :)
2020/05/13 17:10:20 lora_net.go:71: [info]Reconnect open lora module 0 Second after 
2020/05/13 17:10:20 net.go:59: [err]websocket.Dial ws://192.168.0.254:8286/: dial tcp 192.168.0.254:8286: connect: connection refused
2020/05/13 17:10:22 eabi_gateway.go:17: [info]eabi_gateway start runing :)
2020/05/13 17:10:22 lora_net.go:71: [info]Reconnect open lora module 0 Second after 
2020/05/13 17:10:22 net.go:59: [err]websocket.Dial ws://192.168.0.254:8286/: dial tcp 192.168.0.254:8286: connect: connection refused
2020/05/13 17:10:31 eabi_gateway.go:17: [info]eabi_gateway start runing :)
2020/05/13 17:10:31 lora_net.go:71: [info]Reconnect open lora module 0 Second after 
2020/05/13 17:10:31 net.go:59: [err]websocket.Dial ws://192.168.0.254:8286/: dial tcp 192.168.0.254:8286: connect: connection refused
2020/05/13 17:10:58 lora_net.go:44: [err]EOF
2020/05/13 17:29:22 eabi_gateway.go:17: [info]eabi_gateway start runing :)
2020/05/13 17:29:22 lora_net.go:71: [info]Reconnect open lora module 0 Second after 
2020/05/13 17:30:02 eabi_gateway.go:17: [info]eabi_gateway start runing :)
2020/05/13 17:30:02 lora_net.go:71: [info]Reconnect open lora module 0 Second after 
2020/05/13 17:31:43 eabi_gateway.go:17: [info]eabi_gateway start runing :)
2020/05/13 17:31:43 lora_net.go:71: [info]Reconnect open lora module 0 Second after 
2020/05/13 17:31:49 eabi_gateway.go:17: [info]eabi_gateway start runing :)
2020/05/13 17:31:49 lora_net.go:71: [info]Reconnect open lora module 0 Second after 
2020/05/13 17:32:15 lora_net.go:44: [err]EOF
2020/05/13 17:32:20 lora_net.go:44: [err]EOF
2020/05/13 17:32:25 lora_net.go:44: [err]EOF
2020/05/13 17:32:30 lora_net.go:44: [err]EOF
2020/05/13 17:32:34 eabi_gateway.go:17: [info]eabi_gateway start runing :)
2020/05/13 17:32:34 lora_net.go:63: [err]open /dev/ttyUSB0: no such file or directory
2020/05/13 17:33:56 eabi_gateway.go:17: [info]eabi_gateway start runing :)
2020/05/13 17:33:56 lora_net.go:63: [err]open /dev/ttyUSB0: no such file or directory
2020/05/13 17:34:08 eabi_gateway.go:17: [info]eabi_gateway start runing :)
2020/05/13 17:34:08 lora_net.go:63: [err]open /dev/ttyUSB0: no such file or directory
2020/05/13 17:34:26 eabi_gateway.go:17: [info]eabi_gateway start runing :)
2020/05/13 17:34:26 lora_net.go:71: [info]Reconnect open lora module 0 Second after 
2020/05/13 17:35:54 eabi_gateway.go:17: [info]eabi_gateway start runing :)
2020/05/13 17:35:54 lora_net.go:73: [info]Reconnect open lora module 0 Second after 
2020/05/13 17:37:16 eabi_gateway.go:17: [info]eabi_gateway start runing :)
2020/05/13 17:37:16 lora_net.go:71: [info]Reconnect open lora module 0 Second after 
2020/05/13 17:37:36 eabi_gateway.go:17: [info]eabi_gateway start runing :)
2020/05/13 17:37:36 lora_net.go:71: [info]Reconnect open lora module 0 Second after 
2020/05/13 17:38:51 eabi_gateway.go:17: [info]eabi_gateway start runing :)
2020/05/13 17:38:51 lora_net.go:71: [info]Reconnect open lora module 0 Second after 
2020/05/13 17:39:36 lora_net.go:44: [err]EOF
2020/05/13 17:40:13 lora_net.go:44: [err]EOF
2020/05/13 17:40:56 lora_net.go:44: [err]EOF
2020/05/13 17:41:00 net.go:59: [err]websocket.Dial ws://192.168.0.254:8286/: dial tcp 192.168.0.254:8286: connect: connection timed out
2020/05/13 17:41:43 eabi_gateway.go:17: [info]eabi_gateway start runing :)
2020/05/13 17:41:43 lora_net.go:72: [info]Reconnect open lora module 0 Second after 
2020/05/13 17:42:30 lora_net.go:46: [err]EOF
2020/05/13 17:42:51 eabi_gateway.go:17: [info]eabi_gateway start runing :)
2020/05/13 17:42:51 lora_net.go:73: [info]Reconnect open lora module 0 Second after 
2020/05/13 17:43:19 lora_net.go:47: [err]EOF
2020/05/13 17:44:02 eabi_gateway.go:17: [info]eabi_gateway start runing :)
2020/05/13 17:44:03 lora_net.go:73: [info]Reconnect open lora module 0 Second after 
2020/05/13 17:45:04 eabi_gateway.go:17: [info]eabi_gateway start runing :)
2020/05/13 17:45:04 lora_net.go:73: [info]Reconnect open lora module 0 Second after 
2020/05/13 17:45:08 eabi_gateway.go:17: [info]eabi_gateway start runing :)
2020/05/13 17:45:08 lora_net.go:73: [info]Reconnect open lora module 0 Second after 
2020/05/13 17:46:04 eabi_gateway.go:17: [info]eabi_gateway start runing :)
2020/05/13 17:46:04 lora_net.go:71: [info]Reconnect open lora module 0 Second after 
2020/05/13 17:46:34 lora_net.go:45: [err]EOF
2020/05/13 17:47:13 lora_net.go:45: [err]EOF
2020/05/13 17:47:50 lora_net.go:45: [err]EOF
2020/05/13 17:48:14 net.go:59: [err]websocket.Dial ws://192.168.0.254:8286/: dial tcp 192.168.0.254:8286: connect: connection timed out
2020/05/13 17:51:01 eabi_gateway.go:17: [info]eabi_gateway start runing :)
2020/05/13 17:51:01 lora_net.go:74: [info]Reconnect open lora module 0 Second after 
2020/05/13 17:53:11 net.go:59: [err]websocket.Dial ws://192.168.0.254:8286/: dial tcp 192.168.0.254:8286: connect: connection timed out
2020/05/13 17:58:06 eabi_gateway.go:17: [info]eabi_gateway start runing :)
2020/05/13 17:58:06 lora_net.go:74: [info]Reconnect open lora module 0 Second after 
2020/05/13 17:58:06 net.go:68: [info]Reconnect to the server 0 Second after 
2020/05/13 17:58:06 api.go:87: [err]msgMap no find field: {"type":"Server","msg":"7f0000010bb90000000b"}
2020/05/13 18:17:08 eabi_gateway.go:17: [info]eabi_gateway start runing :)
2020/05/13 18:17:08 lora_net.go:74: [info]Reconnect open lora module 0 Second after 
2020/05/13 18:17:08 net.go:68: [info]Reconnect to the server 0 Second after 
2020/05/13 18:17:08 api.go:87: [err]msgMap no find field: {"type":"Server","msg":"7f0000010bb90000000d"}
2020/05/13 19:55:28 eabi_gateway.go:17: [info]eabi_gateway start runing :)
2020/05/13 19:55:28 lora_net.go:74: [info]Reconnect open lora module 0 Second after 
2020/05/13 19:55:28 net.go:68: [info]Reconnect to the server 0 Second after 
2020/05/13 19:55:28 api.go:87: [err]msgMap no find field: {"type":"Server","msg":"7f0000010bbf0000000d"}
2020/05/14 08:18:49 eabi_gateway.go:17: [info]eabi_gateway start runing :)
2020/05/14 08:18:49 lora_net.go:74: [info]Reconnect open lora module 0 Second after 
2020/05/14 08:18:49 net.go:59: [err]websocket.Dial ws://47.108.88.41:8286/: dial tcp 47.108.88.41:8286: connect: connection refused
2020/05/14 09:01:45 net.go:68: [info]Reconnect to the server 2576 Second after 
2020/05/14 09:01:45 api.go:87: [err]msgMap no find field: {"type":"Server","msg":"7f0000010bbc0000000b"}
